<?xml version="1.0" encoding="UTF-8"?>
<testng-results ignored="0" total="1" passed="1" failed="0" skipped="0">
  <reporter-output>
  </reporter-output>
  <suite started-at="2021-09-28T13:08:08Z" name="Surefire suite" finished-at="2021-09-28T13:08:21Z" duration-ms="13193">
    <groups>
    </groups>
    <test started-at="2021-09-28T13:08:08Z" name="Surefire test" finished-at="2021-09-28T13:08:21Z" duration-ms="13193">
      <class name="example.pages.login.LoginPageTest">
        <test-method is-config="true" signature="init()[pri:0, instance:example.pages.login.LoginPageTest@1500955a]" started-at="2021-09-28T15:08:08Z" name="init" finished-at="2021-09-28T15:08:09Z" duration-ms="668" status="PASS">
          <reporter-output>
          </reporter-output>
        </test-method> <!-- init -->
        <test-method is-config="true" signature="testInit()[pri:0, instance:example.pages.login.LoginPageTest@1500955a]" started-at="2021-09-28T15:08:09Z" name="testInit" finished-at="2021-09-28T15:08:12Z" duration-ms="3740" status="PASS">
          <reporter-output>
          </reporter-output>
        </test-method> <!-- testInit -->
        <test-method signature="testLoginAdminSuccess()[pri:0, instance:example.pages.login.LoginPageTest@1500955a]" started-at="2021-09-28T15:08:12Z" name="testLoginAdminSuccess" description="Test login admin successful" finished-at="2021-09-28T15:08:21Z" duration-ms="8770" status="PASS">
          <reporter-output>
          </reporter-output>
        </test-method> <!-- testLoginAdminSuccess -->
      </class> <!-- example.pages.login.LoginPageTest -->
    </test> <!-- Surefire test -->
  </suite> <!-- Surefire suite -->
</testng-results>
